<?xml version="1.0" encoding="UTF-8"?>
<!-- Generated by org.testng.reporters.JUnitReportReporter -->
<testsuite hostname="DESKTOP-CCST7D2" failures="0" tests="12" name="TestCasesClass" time="17.270" errors="0" timestamp="2023-05-12T17:42:31 EET" skipped="0">
  <testcase classname="TestCasesClass" name="RandomCheckTheWebsiteLanguage" time="1.516"/>
  <system-out/>
  <testcase classname="TestCasesClass" name="Test_The_Hotel_Tab" time="2.063"/>
  <system-out/>
  <testcase classname="TestCasesClass" name="CheckHotelsSearchTabNotSelected" time="0.102"/>
  <system-out/>
  <testcase classname="TestCasesClass" name="RandomCheckTheWebsiteLanguage" time="2.406"/>
  <system-out/>
  <testcase classname="TestCasesClass" name="Test_The_Hotel_Tab" time="1.810"/>
  <system-out/>
  <testcase classname="TestCasesClass" name="Test_The_Hotel_Tab" time="1.902"/>
  <system-out/>
  <testcase classname="TestCasesClass" name="Test_The_Hotel_Tab" time="1.867"/>
  <system-out/>
  <testcase classname="TestCasesClass" name="Check_The_Departure_Date" time="0.058"/>
  <system-out/>
  <testcase classname="TestCasesClass" name="RandomCheckTheWebsiteLanguage" time="1.658"/>
  <system-out/>
  <testcase classname="TestCasesClass" name="Check_The_Return_Date" time="0.047"/>
  <system-out/>
  <testcase classname="TestCasesClass" name="Test_The_Hotel_Tab" time="2.071"/>
  <system-out/>
  <testcase classname="TestCasesClass" name="Test_The_Hotel_Tab" time="1.770"/>
  <system-out/>
</testsuite> <!-- TestCasesClass -->
